# JRE version: OpenJDK Runtime Environment Temurin-21.0.9+10 (21.0.9+10) (build 21.0.9+10-LTS)
# Java VM: OpenJDK 64-Bit Server VM Temurin-21.0.9+10 (21.0.9+10-LTS, mixed mode, sharing, tiered, compressed oops, compressed class ptrs, parallel gc, windows-amd64)
GC Precious Log:
 CardTable entry size: 512
 CPUs: 16 total, 16 available
 Memory: 32635M
 Large Page Support: Disabled
 NUMA Support: Disabled
 Compressed Oops: Enabled (32-bit)
 Alignments: Space 512K, Generation 512K, Heap 2M
 Heap Min Capacity: 100M
 Heap Initial Capacity: 100M
 Heap Max Capacity: 2G
 Pre-touch: Disabled
 Parallel Workers: 13
Heap:
 PSYoungGen      total 24064K, used 13467K [0x00000000d5580000, 0x00000000d7300000, 0x0000000100000000)
  eden space 22528K, 53% used [0x00000000d5580000,0x00000000d612dbe0,0x00000000d6b80000)
  from space 1536K, 98% used [0x00000000d7180000,0x00000000d72f93d0,0x00000000d7300000)
  to   space 3584K, 0% used [0x00000000d6c00000,0x00000000d6c00000,0x00000000d6f80000)
 ParOldGen       total 68608K, used 17509K [0x0000000080000000, 0x0000000084300000, 0x00000000d5580000)
  object space 68608K, 25% used [0x0000000080000000,0x00000000811195d8,0x0000000084300000)
 Metaspace       used 33884K, committed 34944K, reserved 1114112K
  class space    used 3499K, committed 3968K, reserved 1048576K
GC Heap History (20 events):
Event: 1.297 GC heap before
{Heap before GC invocations=4 (full 0):
 PSYoungGen      total 29696K, used 29677K [0x00000000d5580000, 0x00000000d7680000, 0x0000000100000000)
  eden space 25600K, 100% used [0x00000000d5580000,0x00000000d6e80000,0x00000000d6e80000)
  from space 4096K, 99% used [0x00000000d6e80000,0x00000000d727b458,0x00000000d7280000)
  to   space 4096K, 0% used [0x00000000d7280000,0x00000000d7280000,0x00000000d7680000)
 ParOldGen       total 68608K, used 3995K [0x0000000080000000, 0x0000000084300000, 0x00000000d5580000)
  object space 68608K, 5% used [0x0000000080000000,0x00000000803e6ff8,0x0000000084300000)
 Metaspace       used 11735K, committed 12096K, reserved 1114112K
  class space    used 1245K, committed 1408K, reserved 1048576K
}
Event: 1.300 GC heap after
{Heap after GC invocations=4 (full 0):
 PSYoungGen      total 29696K, used 4091K [0x00000000d5580000, 0x00000000d7680000, 0x0000000100000000)
  eden space 25600K, 0% used [0x00000000d5580000,0x00000000d5580000,0x00000000d6e80000)
  from space 4096K, 99% used [0x00000000d7280000,0x00000000d767efa8,0x00000000d7680000)
  to   space 4096K, 0% used [0x00000000d6e80000,0x00000000d6e80000,0x00000000d7280000)
 ParOldGen       total 68608K, used 5988K [0x0000000080000000, 0x0000000084300000, 0x00000000d5580000)
  object space 68608K, 8% used [0x0000000080000000,0x00000000805d9200,0x0000000084300000)
 Metaspace       used 11735K, committed 12096K, reserved 1114112K
  class space    used 1245K, committed 1408K, reserved 1048576K
}
Event: 3.597 GC heap before
{Heap before GC invocations=5 (full 0):
 PSYoungGen      total 29696K, used 29691K [0x00000000d5580000, 0x00000000d7680000, 0x0000000100000000)
  eden space 25600K, 100% used [0x00000000d5580000,0x00000000d6e80000,0x00000000d6e80000)
  from space 4096K, 99% used [0x00000000d7280000,0x00000000d767efa8,0x00000000d7680000)
  to   space 4096K, 0% used [0x00000000d6e80000,0x00000000d6e80000,0x00000000d7280000)
 ParOldGen       total 68608K, used 5988K [0x0000000080000000, 0x0000000084300000, 0x00000000d5580000)
  object space 68608K, 8% used [0x0000000080000000,0x00000000805d9200,0x0000000084300000)
 Metaspace       used 15865K, committed 16448K, reserved 1114112K
  class space    used 1654K, committed 1920K, reserved 1048576K
}
Event: 3.599 GC heap after
{Heap after GC invocations=5 (full 0):
 PSYoungGen      total 29184K, used 4071K [0x00000000d5580000, 0x00000000d7a00000, 0x0000000100000000)
  eden space 25088K, 0% used [0x00000000d5580000,0x00000000d5580000,0x00000000d6e00000)
  from space 4096K, 99% used [0x00000000d6e80000,0x00000000d7279e30,0x00000000d7280000)
  to   space 6144K, 0% used [0x00000000d7400000,0x00000000d7400000,0x00000000d7a00000)
 ParOldGen       total 68608K, used 7500K [0x0000000080000000, 0x0000000084300000, 0x00000000d5580000)
  object space 68608K, 10% used [0x0000000080000000,0x0000000080753220,0x0000000084300000)
 Metaspace       used 15865K, committed 16448K, reserved 1114112K
  class space    used 1654K, committed 1920K, reserved 1048576K
}
Event: 3.816 GC heap before
{Heap before GC invocations=6 (full 0):
 PSYoungGen      total 29184K, used 29159K [0x00000000d5580000, 0x00000000d7a00000, 0x0000000100000000)
  eden space 25088K, 100% used [0x00000000d5580000,0x00000000d6e00000,0x00000000d6e00000)
  from space 4096K, 99% used [0x00000000d6e80000,0x00000000d7279e30,0x00000000d7280000)
  to   space 6144K, 0% used [0x00000000d7400000,0x00000000d7400000,0x00000000d7a00000)
 ParOldGen       total 68608K, used 7500K [0x0000000080000000, 0x0000000084300000, 0x00000000d5580000)
  object space 68608K, 10% used [0x0000000080000000,0x0000000080753220,0x0000000084300000)
 Metaspace       used 18189K, committed 18944K, reserved 1114112K
  class space    used 1912K, committed 2240K, reserved 1048576K
}
Event: 3.818 GC heap after
{Heap after GC invocations=6 (full 0):
 PSYoungGen      total 29184K, used 4431K [0x00000000d5580000, 0x00000000d7880000, 0x0000000100000000)
  eden space 24576K, 0% used [0x00000000d5580000,0x00000000d5580000,0x00000000d6d80000)
  from space 4608K, 96% used [0x00000000d7400000,0x00000000d7853c08,0x00000000d7880000)
  to   space 5120K, 0% used [0x00000000d6e80000,0x00000000d6e80000,0x00000000d7380000)
 ParOldGen       total 68608K, used 7508K [0x0000000080000000, 0x0000000084300000, 0x00000000d5580000)
  object space 68608K, 10% used [0x0000000080000000,0x0000000080755220,0x0000000084300000)
 Metaspace       used 18189K, committed 18944K, reserved 1114112K
  class space    used 1912K, committed 2240K, reserved 1048576K
}
Event: 3.965 GC heap before
{Heap before GC invocations=7 (full 0):
 PSYoungGen      total 29184K, used 28988K [0x00000000d5580000, 0x00000000d7880000, 0x0000000100000000)
  eden space 24576K, 99% used [0x00000000d5580000,0x00000000d6d7b438,0x00000000d6d80000)
  from space 4608K, 96% used [0x00000000d7400000,0x00000000d7853c08,0x00000000d7880000)
  to   space 5120K, 0% used [0x00000000d6e80000,0x00000000d6e80000,0x00000000d7380000)
 ParOldGen       total 68608K, used 7508K [0x0000000080000000, 0x0000000084300000, 0x00000000d5580000)
  object space 68608K, 10% used [0x0000000080000000,0x0000000080755220,0x0000000084300000)
 Metaspace       used 20546K, committed 21248K, reserved 1114112K
  class space    used 2127K, committed 2432K, reserved 1048576K
}
Event: 3.968 GC heap after
{Heap after GC invocations=7 (full 0):
 PSYoungGen      total 29184K, used 5105K [0x00000000d5580000, 0x00000000d7b00000, 0x0000000100000000)
  eden space 24064K, 0% used [0x00000000d5580000,0x00000000d5580000,0x00000000d6d00000)
  from space 5120K, 99% used [0x00000000d6e80000,0x00000000d737c540,0x00000000d7380000)
  to   space 7168K, 0% used [0x00000000d7400000,0x00000000d7400000,0x00000000d7b00000)
 ParOldGen       total 68608K, used 8974K [0x0000000080000000, 0x0000000084300000, 0x00000000d5580000)
  object space 68608K, 13% used [0x0000000080000000,0x00000000808c3ad8,0x0000000084300000)
 Metaspace       used 20546K, committed 21248K, reserved 1114112K
  class space    used 2127K, committed 2432K, reserved 1048576K
}
Event: 3.977 GC heap before
{Heap before GC invocations=8 (full 0):
 PSYoungGen      total 29184K, used 9614K [0x00000000d5580000, 0x00000000d7b00000, 0x0000000100000000)
  eden space 24064K, 18% used [0x00000000d5580000,0x00000000d59e75b0,0x00000000d6d00000)
  from space 5120K, 99% used [0x00000000d6e80000,0x00000000d737c540,0x00000000d7380000)
  to   space 7168K, 0% used [0x00000000d7400000,0x00000000d7400000,0x00000000d7b00000)
 ParOldGen       total 68608K, used 8974K [0x0000000080000000, 0x0000000084300000, 0x00000000d5580000)
  object space 68608K, 13% used [0x0000000080000000,0x00000000808c3ad8,0x0000000084300000)
 Metaspace       used 20826K, committed 21504K, reserved 1114112K
  class space    used 2129K, committed 2432K, reserved 1048576K
}
Event: 3.978 GC heap after
{Heap after GC invocations=8 (full 0):
 PSYoungGen      total 28160K, used 3707K [0x00000000d5580000, 0x00000000d7800000, 0x0000000100000000)
  eden space 24064K, 0% used [0x00000000d5580000,0x00000000d5580000,0x00000000d6d00000)
  from space 4096K, 90% used [0x00000000d7400000,0x00000000d779ef68,0x00000000d7800000)
  to   space 5120K, 0% used [0x00000000d6e00000,0x00000000d6e00000,0x00000000d7300000)
 ParOldGen       total 68608K, used 9953K [0x0000000080000000, 0x0000000084300000, 0x00000000d5580000)
  object space 68608K, 14% used [0x0000000080000000,0x00000000809b86c0,0x0000000084300000)
 Metaspace       used 20826K, committed 21504K, reserved 1114112K
  class space    used 2129K, committed 2432K, reserved 1048576K
}
Event: 3.978 GC heap before
{Heap before GC invocations=9 (full 1):
 PSYoungGen      total 28160K, used 3707K [0x00000000d5580000, 0x00000000d7800000, 0x0000000100000000)
  eden space 24064K, 0% used [0x00000000d5580000,0x00000000d5580000,0x00000000d6d00000)
  from space 4096K, 90% used [0x00000000d7400000,0x00000000d779ef68,0x00000000d7800000)
  to   space 5120K, 0% used [0x00000000d6e00000,0x00000000d6e00000,0x00000000d7300000)
 ParOldGen       total 68608K, used 9953K [0x0000000080000000, 0x0000000084300000, 0x00000000d5580000)
  object space 68608K, 14% used [0x0000000080000000,0x00000000809b86c0,0x0000000084300000)
 Metaspace       used 20826K, committed 21504K, reserved 1114112K
  class space    used 2129K, committed 2432K, reserved 1048576K
}
Event: 4.000 GC heap after
{Heap after GC invocations=9 (full 1):
 PSYoungGen      total 28160K, used 0K [0x00000000d5580000, 0x00000000d7800000, 0x0000000100000000)
  eden space 24064K, 0% used [0x00000000d5580000,0x00000000d5580000,0x00000000d6d00000)
  from space 4096K, 0% used [0x00000000d7400000,0x00000000d7400000,0x00000000d7800000)
  to   space 5120K, 0% used [0x00000000d6e00000,0x00000000d6e00000,0x00000000d7300000)
 ParOldGen       total 68608K, used 13133K [0x0000000080000000, 0x0000000084300000, 0x00000000d5580000)
  object space 68608K, 19% used [0x0000000080000000,0x0000000080cd3788,0x0000000084300000)
 Metaspace       used 20814K, committed 21504K, reserved 1114112K
  class space    used 2126K, committed 2432K, reserved 1048576K
}
Event: 4.145 GC heap before
{Heap before GC invocations=10 (full 1):
 PSYoungGen      total 28160K, used 24042K [0x00000000d5580000, 0x00000000d7800000, 0x0000000100000000)
  eden space 24064K, 99% used [0x00000000d5580000,0x00000000d6cfa800,0x00000000d6d00000)
  from space 4096K, 0% used [0x00000000d7400000,0x00000000d7400000,0x00000000d7800000)
  to   space 5120K, 0% used [0x00000000d6e00000,0x00000000d6e00000,0x00000000d7300000)
 ParOldGen       total 68608K, used 13133K [0x0000000080000000, 0x0000000084300000, 0x00000000d5580000)
  object space 68608K, 19% used [0x0000000080000000,0x0000000080cd3788,0x0000000084300000)
 Metaspace       used 24437K, committed 25216K, reserved 1114112K
  class space    used 2413K, committed 2752K, reserved 1048576K
}
Event: 4.147 GC heap after
{Heap after GC invocations=10 (full 1):
 PSYoungGen      total 24576K, used 565K [0x00000000d5580000, 0x00000000d7480000, 0x0000000100000000)
  eden space 23552K, 0% used [0x00000000d5580000,0x00000000d5580000,0x00000000d6c80000)
  from space 1024K, 55% used [0x00000000d6e00000,0x00000000d6e8d460,0x00000000d6f00000)
  to   space 2048K, 0% used [0x00000000d7280000,0x00000000d7280000,0x00000000d7480000)
 ParOldGen       total 68608K, used 13141K [0x0000000080000000, 0x0000000084300000, 0x00000000d5580000)
  object space 68608K, 19% used [0x0000000080000000,0x0000000080cd5788,0x0000000084300000)
 Metaspace       used 24437K, committed 25216K, reserved 1114112K
  class space    used 2413K, committed 2752K, reserved 1048576K
}
Event: 4.275 GC heap before
{Heap before GC invocations=11 (full 1):
 PSYoungGen      total 24576K, used 24117K [0x00000000d5580000, 0x00000000d7480000, 0x0000000100000000)
  eden space 23552K, 100% used [0x00000000d5580000,0x00000000d6c80000,0x00000000d6c80000)
  from space 1024K, 55% used [0x00000000d6e00000,0x00000000d6e8d460,0x00000000d6f00000)
  to   space 2048K, 0% used [0x00000000d7280000,0x00000000d7280000,0x00000000d7480000)
 ParOldGen       total 68608K, used 13141K [0x0000000080000000, 0x0000000084300000, 0x00000000d5580000)
  object space 68608K, 19% used [0x0000000080000000,0x0000000080cd5788,0x0000000084300000)
 Metaspace       used 25795K, committed 26624K, reserved 1114112K
  class space    used 2506K, committed 2880K, reserved 1048576K
}
Event: 4.276 GC heap after
{Heap after GC invocations=11 (full 1):
 PSYoungGen      total 25088K, used 2007K [0x00000000d5580000, 0x00000000d7480000, 0x0000000100000000)
  eden space 23040K, 0% used [0x00000000d5580000,0x00000000d5580000,0x00000000d6c00000)
  from space 2048K, 98% used [0x00000000d7280000,0x00000000d7475c50,0x00000000d7480000)
  to   space 2560K, 0% used [0x00000000d6f80000,0x00000000d6f80000,0x00000000d7200000)
 ParOldGen       total 68608K, used 13931K [0x0000000080000000, 0x0000000084300000, 0x00000000d5580000)
  object space 68608K, 20% used [0x0000000080000000,0x0000000080d9ac98,0x0000000084300000)
 Metaspace       used 25795K, committed 26624K, reserved 1114112K
  class space    used 2506K, committed 2880K, reserved 1048576K
}
Event: 6.606 GC heap before
{Heap before GC invocations=12 (full 1):
 PSYoungGen      total 25088K, used 25047K [0x00000000d5580000, 0x00000000d7480000, 0x0000000100000000)
  eden space 23040K, 100% used [0x00000000d5580000,0x00000000d6c00000,0x00000000d6c00000)
  from space 2048K, 98% used [0x00000000d7280000,0x00000000d7475c50,0x00000000d7480000)
  to   space 2560K, 0% used [0x00000000d6f80000,0x00000000d6f80000,0x00000000d7200000)
 ParOldGen       total 68608K, used 13931K [0x0000000080000000, 0x0000000084300000, 0x00000000d5580000)
  object space 68608K, 20% used [0x0000000080000000,0x0000000080d9ac98,0x0000000084300000)
 Metaspace       used 29609K, committed 30656K, reserved 1114112K
  class space    used 2921K, committed 3392K, reserved 1048576K
}
Event: 6.607 GC heap after
{Heap after GC invocations=12 (full 1):
 PSYoungGen      total 24576K, used 1994K [0x00000000d5580000, 0x00000000d7300000, 0x0000000100000000)
  eden space 22528K, 0% used [0x00000000d5580000,0x00000000d5580000,0x00000000d6b80000)
  from space 2048K, 97% used [0x00000000d6f80000,0x00000000d71728b0,0x00000000d7180000)
  to   space 1536K, 0% used [0x00000000d7180000,0x00000000d7180000,0x00000000d7300000)
 ParOldGen       total 68608K, used 15753K [0x0000000080000000, 0x0000000084300000, 0x00000000d5580000)
  object space 68608K, 22% used [0x0000000080000000,0x0000000080f626f8,0x0000000084300000)
 Metaspace       used 29609K, committed 30656K, reserved 1114112K
  class space    used 2921K, committed 3392K, reserved 1048576K
}
Event: 6.725 GC heap before
{Heap before GC invocations=13 (full 1):
 PSYoungGen      total 24576K, used 24522K [0x00000000d5580000, 0x00000000d7300000, 0x0000000100000000)
  eden space 22528K, 100% used [0x00000000d5580000,0x00000000d6b80000,0x00000000d6b80000)
  from space 2048K, 97% used [0x00000000d6f80000,0x00000000d71728b0,0x00000000d7180000)
  to   space 1536K, 0% used [0x00000000d7180000,0x00000000d7180000,0x00000000d7300000)
 ParOldGen       total 68608K, used 15753K [0x0000000080000000, 0x0000000084300000, 0x00000000d5580000)
  object space 68608K, 22% used [0x0000000080000000,0x0000000080f62710,0x0000000084300000)
 Metaspace       used 32529K, committed 33600K, reserved 1114112K
  class space    used 3301K, committed 3776K, reserved 1048576K
}
Event: 6.726 GC heap after
{Heap after GC invocations=13 (full 1):
 PSYoungGen      total 24064K, used 1508K [0x00000000d5580000, 0x00000000d7300000, 0x0000000100000000)
  eden space 22528K, 0% used [0x00000000d5580000,0x00000000d5580000,0x00000000d6b80000)
  from space 1536K, 98% used [0x00000000d7180000,0x00000000d72f93d0,0x00000000d7300000)
  to   space 3584K, 0% used [0x00000000d6c00000,0x00000000d6c00000,0x00000000d6f80000)
 ParOldGen       total 68608K, used 17509K [0x0000000080000000, 0x0000000084300000, 0x00000000d5580000)
  object space 68608K, 25% used [0x0000000080000000,0x00000000811195d8,0x0000000084300000)
 Metaspace       used 32529K, committed 33600K, reserved 1114112K
  class space    used 3301K, committed 3776K, reserved 1048576K
}

