# JRE version: OpenJDK Runtime Environment Temurin-21.0.9+10 (21.0.9+10) (build 21.0.9+10-LTS)
# Java VM: OpenJDK 64-Bit Server VM Temurin-21.0.9+10 (21.0.9+10-LTS, mixed mode, sharing, tiered, compressed oops, compressed class ptrs, parallel gc, windows-amd64)
GC Precious Log:
 CardTable entry size: 512
 CPUs: 16 total, 16 available
 Memory: 32635M
 Large Page Support: Disabled
 NUMA Support: Disabled
 Compressed Oops: Enabled (32-bit)
 Alignments: Space 512K, Generation 512K, Heap 2M
 Heap Min Capacity: 100M
 Heap Initial Capacity: 100M
 Heap Max Capacity: 2G
 Pre-touch: Disabled
 Parallel Workers: 13
Heap:
 PSYoungGen      total 15872K, used 4727K [0x00000000d5580000, 0x00000000d6680000, 0x0000000100000000)
  eden space 14848K, 24% used [0x00000000d5580000,0x00000000d591dca8,0x00000000d6400000)
  from space 1024K, 100% used [0x00000000d6580000,0x00000000d6680000,0x00000000d6680000)
  to   space 1024K, 0% used [0x00000000d6480000,0x00000000d6480000,0x00000000d6580000)
 ParOldGen       total 68608K, used 46423K [0x0000000080000000, 0x0000000084300000, 0x00000000d5580000)
  object space 68608K, 67% used [0x0000000080000000,0x0000000082d55c30,0x0000000084300000)
 Metaspace       used 66756K, committed 68096K, reserved 1114112K
  class space    used 8433K, committed 9024K, reserved 1048576K
GC Heap History (20 events):
Event: 66.124 GC heap before
{Heap before GC invocations=44 (full 3):
 PSYoungGen      total 15360K, used 15248K [0x00000000d5580000, 0x00000000d6800000, 0x0000000100000000)
  eden space 14848K, 100% used [0x00000000d5580000,0x00000000d6400000,0x00000000d6400000)
  from space 512K, 78% used [0x00000000d6780000,0x00000000d67e4010,0x00000000d6800000)
  to   space 1024K, 0% used [0x00000000d6600000,0x00000000d6600000,0x00000000d6700000)
 ParOldGen       total 68608K, used 40277K [0x0000000080000000, 0x0000000084300000, 0x00000000d5580000)
  object space 68608K, 58% used [0x0000000080000000,0x00000000827557e0,0x0000000084300000)
 Metaspace       used 60423K, committed 61760K, reserved 1114112K
  class space    used 7604K, committed 8192K, reserved 1048576K
}
Event: 66.125 GC heap after
{Heap after GC invocations=44 (full 3):
 PSYoungGen      total 15872K, used 1004K [0x00000000d5580000, 0x00000000d6800000, 0x0000000100000000)
  eden space 14848K, 0% used [0x00000000d5580000,0x00000000d5580000,0x00000000d6400000)
  from space 1024K, 98% used [0x00000000d6600000,0x00000000d66fb3b8,0x00000000d6700000)
  to   space 1024K, 0% used [0x00000000d6700000,0x00000000d6700000,0x00000000d6800000)
 ParOldGen       total 68608K, used 40639K [0x0000000080000000, 0x0000000084300000, 0x00000000d5580000)
  object space 68608K, 59% used [0x0000000080000000,0x00000000827afe50,0x0000000084300000)
 Metaspace       used 60423K, committed 61760K, reserved 1114112K
  class space    used 7604K, committed 8192K, reserved 1048576K
}
Event: 66.166 GC heap before
{Heap before GC invocations=45 (full 3):
 PSYoungGen      total 15872K, used 15852K [0x00000000d5580000, 0x00000000d6800000, 0x0000000100000000)
  eden space 14848K, 100% used [0x00000000d5580000,0x00000000d6400000,0x00000000d6400000)
  from space 1024K, 98% used [0x00000000d6600000,0x00000000d66fb3b8,0x00000000d6700000)
  to   space 1024K, 0% used [0x00000000d6700000,0x00000000d6700000,0x00000000d6800000)
 ParOldGen       total 68608K, used 40639K [0x0000000080000000, 0x0000000084300000, 0x00000000d5580000)
  object space 68608K, 59% used [0x0000000080000000,0x00000000827afe50,0x0000000084300000)
 Metaspace       used 60423K, committed 61760K, reserved 1114112K
  class space    used 7604K, committed 8192K, reserved 1048576K
}
Event: 66.166 GC heap after
{Heap after GC invocations=45 (full 3):
 PSYoungGen      total 15360K, used 480K [0x00000000d5580000, 0x00000000d6780000, 0x0000000100000000)
  eden space 14848K, 0% used [0x00000000d5580000,0x00000000d5580000,0x00000000d6400000)
  from space 512K, 93% used [0x00000000d6700000,0x00000000d6778000,0x00000000d6780000)
  to   space 1024K, 0% used [0x00000000d6580000,0x00000000d6580000,0x00000000d6680000)
 ParOldGen       total 68608K, used 40727K [0x0000000080000000, 0x0000000084300000, 0x00000000d5580000)
  object space 68608K, 59% used [0x0000000080000000,0x00000000827c5e50,0x0000000084300000)
 Metaspace       used 60423K, committed 61760K, reserved 1114112K
  class space    used 7604K, committed 8192K, reserved 1048576K
}
Event: 66.202 GC heap before
{Heap before GC invocations=46 (full 3):
 PSYoungGen      total 15360K, used 15328K [0x00000000d5580000, 0x00000000d6780000, 0x0000000100000000)
  eden space 14848K, 100% used [0x00000000d5580000,0x00000000d6400000,0x00000000d6400000)
  from space 512K, 93% used [0x00000000d6700000,0x00000000d6778000,0x00000000d6780000)
  to   space 1024K, 0% used [0x00000000d6580000,0x00000000d6580000,0x00000000d6680000)
 ParOldGen       total 68608K, used 40727K [0x0000000080000000, 0x0000000084300000, 0x00000000d5580000)
  object space 68608K, 59% used [0x0000000080000000,0x00000000827c5e50,0x0000000084300000)
 Metaspace       used 60423K, committed 61760K, reserved 1114112K
  class space    used 7604K, committed 8192K, reserved 1048576K
}
Event: 66.202 GC heap after
{Heap after GC invocations=46 (full 3):
 PSYoungGen      total 15872K, used 629K [0x00000000d5580000, 0x00000000d6780000, 0x0000000100000000)
  eden space 14848K, 0% used [0x00000000d5580000,0x00000000d5580000,0x00000000d6400000)
  from space 1024K, 61% used [0x00000000d6580000,0x00000000d661d5a8,0x00000000d6680000)
  to   space 1024K, 0% used [0x00000000d6680000,0x00000000d6680000,0x00000000d6780000)
 ParOldGen       total 68608K, used 41007K [0x0000000080000000, 0x0000000084300000, 0x00000000d5580000)
  object space 68608K, 59% used [0x0000000080000000,0x000000008280bc48,0x0000000084300000)
 Metaspace       used 60423K, committed 61760K, reserved 1114112K
  class space    used 7604K, committed 8192K, reserved 1048576K
}
Event: 66.249 GC heap before
{Heap before GC invocations=47 (full 3):
 PSYoungGen      total 15872K, used 15477K [0x00000000d5580000, 0x00000000d6780000, 0x0000000100000000)
  eden space 14848K, 100% used [0x00000000d5580000,0x00000000d6400000,0x00000000d6400000)
  from space 1024K, 61% used [0x00000000d6580000,0x00000000d661d5a8,0x00000000d6680000)
  to   space 1024K, 0% used [0x00000000d6680000,0x00000000d6680000,0x00000000d6780000)
 ParOldGen       total 68608K, used 41007K [0x0000000080000000, 0x0000000084300000, 0x00000000d5580000)
  object space 68608K, 59% used [0x0000000080000000,0x000000008280bc48,0x0000000084300000)
 Metaspace       used 60423K, committed 61760K, reserved 1114112K
  class space    used 7604K, committed 8192K, reserved 1048576K
}
Event: 66.250 GC heap after
{Heap after GC invocations=47 (full 3):
 PSYoungGen      total 15872K, used 1006K [0x00000000d5580000, 0x00000000d6780000, 0x0000000100000000)
  eden space 14848K, 0% used [0x00000000d5580000,0x00000000d5580000,0x00000000d6400000)
  from space 1024K, 98% used [0x00000000d6680000,0x00000000d677b910,0x00000000d6780000)
  to   space 1536K, 0% used [0x00000000d6480000,0x00000000d6480000,0x00000000d6600000)
 ParOldGen       total 68608K, used 41349K [0x0000000080000000, 0x0000000084300000, 0x00000000d5580000)
  object space 68608K, 60% used [0x0000000080000000,0x0000000082861788,0x0000000084300000)
 Metaspace       used 60423K, committed 61760K, reserved 1114112K
  class space    used 7604K, committed 8192K, reserved 1048576K
}
Event: 66.289 GC heap before
{Heap before GC invocations=48 (full 3):
 PSYoungGen      total 15872K, used 15854K [0x00000000d5580000, 0x00000000d6780000, 0x0000000100000000)
  eden space 14848K, 100% used [0x00000000d5580000,0x00000000d6400000,0x00000000d6400000)
  from space 1024K, 98% used [0x00000000d6680000,0x00000000d677b910,0x00000000d6780000)
  to   space 1536K, 0% used [0x00000000d6480000,0x00000000d6480000,0x00000000d6600000)
 ParOldGen       total 68608K, used 41349K [0x0000000080000000, 0x0000000084300000, 0x00000000d5580000)
  object space 68608K, 60% used [0x0000000080000000,0x0000000082861788,0x0000000084300000)
 Metaspace       used 60425K, committed 61760K, reserved 1114112K
  class space    used 7604K, committed 8192K, reserved 1048576K
}
Event: 66.289 GC heap after
{Heap after GC invocations=48 (full 3):
 PSYoungGen      total 16384K, used 589K [0x00000000d5580000, 0x00000000d6700000, 0x0000000100000000)
  eden space 14848K, 0% used [0x00000000d5580000,0x00000000d5580000,0x00000000d6400000)
  from space 1536K, 38% used [0x00000000d6480000,0x00000000d6513420,0x00000000d6600000)
  to   space 1024K, 0% used [0x00000000d6600000,0x00000000d6600000,0x00000000d6700000)
 ParOldGen       total 68608K, used 41421K [0x0000000080000000, 0x0000000084300000, 0x00000000d5580000)
  object space 68608K, 60% used [0x0000000080000000,0x0000000082873788,0x0000000084300000)
 Metaspace       used 60425K, committed 61760K, reserved 1114112K
  class space    used 7604K, committed 8192K, reserved 1048576K
}
Event: 66.327 GC heap before
{Heap before GC invocations=49 (full 3):
 PSYoungGen      total 16384K, used 15437K [0x00000000d5580000, 0x00000000d6700000, 0x0000000100000000)
  eden space 14848K, 100% used [0x00000000d5580000,0x00000000d6400000,0x00000000d6400000)
  from space 1536K, 38% used [0x00000000d6480000,0x00000000d6513420,0x00000000d6600000)
  to   space 1024K, 0% used [0x00000000d6600000,0x00000000d6600000,0x00000000d6700000)
 ParOldGen       total 68608K, used 41421K [0x0000000080000000, 0x0000000084300000, 0x00000000d5580000)
  object space 68608K, 60% used [0x0000000080000000,0x0000000082873788,0x0000000084300000)
 Metaspace       used 60425K, committed 61760K, reserved 1114112K
  class space    used 7604K, committed 8192K, reserved 1048576K
}
Event: 66.327 GC heap after
{Heap after GC invocations=49 (full 3):
 PSYoungGen      total 15872K, used 1023K [0x00000000d5580000, 0x00000000d6700000, 0x0000000100000000)
  eden space 14848K, 0% used [0x00000000d5580000,0x00000000d5580000,0x00000000d6400000)
  from space 1024K, 99% used [0x00000000d6600000,0x00000000d66ffd78,0x00000000d6700000)
  to   space 1536K, 0% used [0x00000000d6400000,0x00000000d6400000,0x00000000d6580000)
 ParOldGen       total 68608K, used 41571K [0x0000000080000000, 0x0000000084300000, 0x00000000d5580000)
  object space 68608K, 60% used [0x0000000080000000,0x0000000082898d00,0x0000000084300000)
 Metaspace       used 60425K, committed 61760K, reserved 1114112K
  class space    used 7604K, committed 8192K, reserved 1048576K
}
Event: 66.435 GC heap before
{Heap before GC invocations=50 (full 3):
 PSYoungGen      total 15872K, used 15871K [0x00000000d5580000, 0x00000000d6700000, 0x0000000100000000)
  eden space 14848K, 100% used [0x00000000d5580000,0x00000000d6400000,0x00000000d6400000)
  from space 1024K, 99% used [0x00000000d6600000,0x00000000d66ffd78,0x00000000d6700000)
  to   space 1536K, 0% used [0x00000000d6400000,0x00000000d6400000,0x00000000d6580000)
 ParOldGen       total 68608K, used 41571K [0x0000000080000000, 0x0000000084300000, 0x00000000d5580000)
  object space 68608K, 60% used [0x0000000080000000,0x0000000082898d00,0x0000000084300000)
 Metaspace       used 61621K, committed 62976K, reserved 1114112K
  class space    used 7780K, committed 8384K, reserved 1048576K
}
Event: 66.435 GC heap after
{Heap after GC invocations=50 (full 3):
 PSYoungGen      total 16384K, used 624K [0x00000000d5580000, 0x00000000d6680000, 0x0000000100000000)
  eden space 14848K, 0% used [0x00000000d5580000,0x00000000d5580000,0x00000000d6400000)
  from space 1536K, 40% used [0x00000000d6400000,0x00000000d649c020,0x00000000d6580000)
  to   space 1024K, 0% used [0x00000000d6580000,0x00000000d6580000,0x00000000d6680000)
 ParOldGen       total 68608K, used 41635K [0x0000000080000000, 0x0000000084300000, 0x00000000d5580000)
  object space 68608K, 60% used [0x0000000080000000,0x00000000828a8d10,0x0000000084300000)
 Metaspace       used 61621K, committed 62976K, reserved 1114112K
  class space    used 7780K, committed 8384K, reserved 1048576K
}
Event: 67.364 GC heap before
{Heap before GC invocations=51 (full 3):
 PSYoungGen      total 16384K, used 15472K [0x00000000d5580000, 0x00000000d6680000, 0x0000000100000000)
  eden space 14848K, 100% used [0x00000000d5580000,0x00000000d6400000,0x00000000d6400000)
  from space 1536K, 40% used [0x00000000d6400000,0x00000000d649c020,0x00000000d6580000)
  to   space 1024K, 0% used [0x00000000d6580000,0x00000000d6580000,0x00000000d6680000)
 ParOldGen       total 68608K, used 41635K [0x0000000080000000, 0x0000000084300000, 0x00000000d5580000)
  object space 68608K, 60% used [0x0000000080000000,0x00000000828a8d10,0x0000000084300000)
 Metaspace       used 63119K, committed 64512K, reserved 1114112K
  class space    used 8008K, committed 8640K, reserved 1048576K
}
Event: 67.365 GC heap after
{Heap after GC invocations=51 (full 3):
 PSYoungGen      total 15872K, used 704K [0x00000000d5580000, 0x00000000d6680000, 0x0000000100000000)
  eden space 14848K, 0% used [0x00000000d5580000,0x00000000d5580000,0x00000000d6400000)
  from space 1024K, 68% used [0x00000000d6580000,0x00000000d6630010,0x00000000d6680000)
  to   space 1024K, 0% used [0x00000000d6480000,0x00000000d6480000,0x00000000d6580000)
 ParOldGen       total 68608K, used 42848K [0x0000000080000000, 0x0000000084300000, 0x00000000d5580000)
  object space 68608K, 62% used [0x0000000080000000,0x00000000829d8250,0x0000000084300000)
 Metaspace       used 63119K, committed 64512K, reserved 1114112K
  class space    used 8008K, committed 8640K, reserved 1048576K
}
Event: 69.816 GC heap before
{Heap before GC invocations=52 (full 3):
 PSYoungGen      total 15872K, used 15488K [0x00000000d5580000, 0x00000000d6680000, 0x0000000100000000)
  eden space 14848K, 99% used [0x00000000d5580000,0x00000000d63f0148,0x00000000d6400000)
  from space 1024K, 68% used [0x00000000d6580000,0x00000000d6630010,0x00000000d6680000)
  to   space 1024K, 0% used [0x00000000d6480000,0x00000000d6480000,0x00000000d6580000)
 ParOldGen       total 68608K, used 42848K [0x0000000080000000, 0x0000000084300000, 0x00000000d5580000)
  object space 68608K, 62% used [0x0000000080000000,0x00000000829d8250,0x0000000084300000)
 Metaspace       used 64628K, committed 66048K, reserved 1114112K
  class space    used 8178K, committed 8768K, reserved 1048576K
}
Event: 71.818 GC heap after
{Heap after GC invocations=52 (full 3):
 PSYoungGen      total 15872K, used 1020K [0x00000000d5580000, 0x00000000d6680000, 0x0000000100000000)
  eden space 14848K, 0% used [0x00000000d5580000,0x00000000d5580000,0x00000000d6400000)
  from space 1024K, 99% used [0x00000000d6480000,0x00000000d657f240,0x00000000d6580000)
  to   space 1024K, 0% used [0x00000000d6580000,0x00000000d6580000,0x00000000d6680000)
 ParOldGen       total 68608K, used 44902K [0x0000000080000000, 0x0000000084300000, 0x00000000d5580000)
  object space 68608K, 65% used [0x0000000080000000,0x0000000082bd9a30,0x0000000084300000)
 Metaspace       used 64628K, committed 66048K, reserved 1114112K
  class space    used 8178K, committed 8768K, reserved 1048576K
}
Event: 75.375 GC heap before
{Heap before GC invocations=53 (full 3):
 PSYoungGen      total 15872K, used 15868K [0x00000000d5580000, 0x00000000d6680000, 0x0000000100000000)
  eden space 14848K, 100% used [0x00000000d5580000,0x00000000d6400000,0x00000000d6400000)
  from space 1024K, 99% used [0x00000000d6480000,0x00000000d657f240,0x00000000d6580000)
  to   space 1024K, 0% used [0x00000000d6580000,0x00000000d6580000,0x00000000d6680000)
 ParOldGen       total 68608K, used 44902K [0x0000000080000000, 0x0000000084300000, 0x00000000d5580000)
  object space 68608K, 65% used [0x0000000080000000,0x0000000082bd9a30,0x0000000084300000)
 Metaspace       used 66324K, committed 67648K, reserved 1114112K
  class space    used 8368K, committed 8960K, reserved 1048576K
}
Event: 77.376 GC heap after
{Heap after GC invocations=53 (full 3):
 PSYoungGen      total 15872K, used 1024K [0x00000000d5580000, 0x00000000d6680000, 0x0000000100000000)
  eden space 14848K, 0% used [0x00000000d5580000,0x00000000d5580000,0x00000000d6400000)
  from space 1024K, 100% used [0x00000000d6580000,0x00000000d6680000,0x00000000d6680000)
  to   space 1024K, 0% used [0x00000000d6480000,0x00000000d6480000,0x00000000d6580000)
 ParOldGen       total 68608K, used 46423K [0x0000000080000000, 0x0000000084300000, 0x00000000d5580000)
  object space 68608K, 67% used [0x0000000080000000,0x0000000082d55c30,0x0000000084300000)
 Metaspace       used 66324K, committed 67648K, reserved 1114112K
  class space    used 8368K, committed 8960K, reserved 1048576K
}

