# JRE version: OpenJDK Runtime Environment Temurin-21.0.9+10 (21.0.9+10) (build 21.0.9+10-LTS)
# Java VM: OpenJDK 64-Bit Server VM Temurin-21.0.9+10 (21.0.9+10-LTS, mixed mode, sharing, tiered, compressed oops, compressed class ptrs, parallel gc, windows-amd64)
GC Precious Log:
 CardTable entry size: 512
 CPUs: 16 total, 16 available
 Memory: 32635M
 Large Page Support: Disabled
 NUMA Support: Disabled
 Compressed Oops: Enabled (32-bit)
 Alignments: Space 512K, Generation 512K, Heap 2M
 Heap Min Capacity: 100M
 Heap Initial Capacity: 100M
 Heap Max Capacity: 2G
 Pre-touch: Disabled
 Parallel Workers: 13
Heap:
 PSYoungGen      total 23552K, used 18513K [0x00000000d5580000, 0x00000000d7080000, 0x0000000100000000)
  eden space 22016K, 77% used [0x00000000d5580000,0x00000000d6636140,0x00000000d6b00000)
  from space 1536K, 91% used [0x00000000d6d00000,0x00000000d6e5e5e0,0x00000000d6e80000)
  to   space 2048K, 0% used [0x00000000d6e80000,0x00000000d6e80000,0x00000000d7080000)
 ParOldGen       total 68608K, used 20923K [0x0000000080000000, 0x0000000084300000, 0x00000000d5580000)
  object space 68608K, 30% used [0x0000000080000000,0x000000008146ecc0,0x0000000084300000)
 Metaspace       used 45107K, committed 46208K, reserved 1114112K
  class space    used 4924K, committed 5440K, reserved 1048576K
GC Heap History (20 events):
Event: 4.972 GC heap before
{Heap before GC invocations=10 (full 1):
 PSYoungGen      total 28672K, used 24064K [0x00000000d5580000, 0x00000000d7980000, 0x0000000100000000)
  eden space 24064K, 100% used [0x00000000d5580000,0x00000000d6d00000,0x00000000d6d00000)
  from space 4608K, 0% used [0x00000000d7500000,0x00000000d7500000,0x00000000d7980000)
  to   space 5632K, 0% used [0x00000000d6e80000,0x00000000d6e80000,0x00000000d7400000)
 ParOldGen       total 68608K, used 13332K [0x0000000080000000, 0x0000000084300000, 0x00000000d5580000)
  object space 68608K, 19% used [0x0000000080000000,0x0000000080d053b0,0x0000000084300000)
 Metaspace       used 24547K, committed 25280K, reserved 1114112K
  class space    used 2422K, committed 2752K, reserved 1048576K
}
Event: 4.973 GC heap after
{Heap after GC invocations=10 (full 1):
 PSYoungGen      total 24064K, used 490K [0x00000000d5580000, 0x00000000d7580000, 0x0000000100000000)
  eden space 23552K, 0% used [0x00000000d5580000,0x00000000d5580000,0x00000000d6c80000)
  from space 512K, 95% used [0x00000000d6e80000,0x00000000d6efa8c0,0x00000000d6f00000)
  to   space 2560K, 0% used [0x00000000d7300000,0x00000000d7300000,0x00000000d7580000)
 ParOldGen       total 68608K, used 13340K [0x0000000080000000, 0x0000000084300000, 0x00000000d5580000)
  object space 68608K, 19% used [0x0000000080000000,0x0000000080d073b0,0x0000000084300000)
 Metaspace       used 24547K, committed 25280K, reserved 1114112K
  class space    used 2422K, committed 2752K, reserved 1048576K
}
Event: 5.136 GC heap before
{Heap before GC invocations=11 (full 1):
 PSYoungGen      total 24064K, used 24042K [0x00000000d5580000, 0x00000000d7580000, 0x0000000100000000)
  eden space 23552K, 100% used [0x00000000d5580000,0x00000000d6c80000,0x00000000d6c80000)
  from space 512K, 95% used [0x00000000d6e80000,0x00000000d6efa8c0,0x00000000d6f00000)
  to   space 2560K, 0% used [0x00000000d7300000,0x00000000d7300000,0x00000000d7580000)
 ParOldGen       total 68608K, used 13340K [0x0000000080000000, 0x0000000084300000, 0x00000000d5580000)
  object space 68608K, 19% used [0x0000000080000000,0x0000000080d073b0,0x0000000084300000)
 Metaspace       used 25862K, committed 26688K, reserved 1114112K
  class space    used 2516K, committed 2880K, reserved 1048576K
}
Event: 5.137 GC heap after
{Heap after GC invocations=11 (full 1):
 PSYoungGen      total 25600K, used 2532K [0x00000000d5580000, 0x00000000d7580000, 0x0000000100000000)
  eden space 23040K, 0% used [0x00000000d5580000,0x00000000d5580000,0x00000000d6c00000)
  from space 2560K, 98% used [0x00000000d7300000,0x00000000d7579378,0x00000000d7580000)
  to   space 3072K, 0% used [0x00000000d6f80000,0x00000000d6f80000,0x00000000d7280000)
 ParOldGen       total 68608K, used 13380K [0x0000000080000000, 0x0000000084300000, 0x00000000d5580000)
  object space 68608K, 19% used [0x0000000080000000,0x0000000080d113b0,0x0000000084300000)
 Metaspace       used 25862K, committed 26688K, reserved 1114112K
  class space    used 2516K, committed 2880K, reserved 1048576K
}
Event: 5.463 GC heap before
{Heap before GC invocations=12 (full 1):
 PSYoungGen      total 25600K, used 25572K [0x00000000d5580000, 0x00000000d7580000, 0x0000000100000000)
  eden space 23040K, 99% used [0x00000000d5580000,0x00000000d6bffe80,0x00000000d6c00000)
  from space 2560K, 98% used [0x00000000d7300000,0x00000000d7579378,0x00000000d7580000)
  to   space 3072K, 0% used [0x00000000d6f80000,0x00000000d6f80000,0x00000000d7280000)
 ParOldGen       total 68608K, used 13380K [0x0000000080000000, 0x0000000084300000, 0x00000000d5580000)
  object space 68608K, 19% used [0x0000000080000000,0x0000000080d113b0,0x0000000084300000)
 Metaspace       used 29599K, committed 30528K, reserved 1114112K
  class space    used 2922K, committed 3328K, reserved 1048576K
}
Event: 5.465 GC heap after
{Heap after GC invocations=12 (full 1):
 PSYoungGen      total 25088K, used 2167K [0x00000000d5580000, 0x00000000d7380000, 0x0000000100000000)
  eden space 22528K, 0% used [0x00000000d5580000,0x00000000d5580000,0x00000000d6b80000)
  from space 2560K, 84% used [0x00000000d6f80000,0x00000000d719ddb0,0x00000000d7200000)
  to   space 1536K, 0% used [0x00000000d7200000,0x00000000d7200000,0x00000000d7380000)
 ParOldGen       total 68608K, used 15890K [0x0000000080000000, 0x0000000084300000, 0x00000000d5580000)
  object space 68608K, 23% used [0x0000000080000000,0x0000000080f84b48,0x0000000084300000)
 Metaspace       used 29599K, committed 30528K, reserved 1114112K
  class space    used 2922K, committed 3328K, reserved 1048576K
}
Event: 5.682 GC heap before
{Heap before GC invocations=13 (full 1):
 PSYoungGen      total 25088K, used 24694K [0x00000000d5580000, 0x00000000d7380000, 0x0000000100000000)
  eden space 22528K, 99% used [0x00000000d5580000,0x00000000d6b7fa70,0x00000000d6b80000)
  from space 2560K, 84% used [0x00000000d6f80000,0x00000000d719ddb0,0x00000000d7200000)
  to   space 1536K, 0% used [0x00000000d7200000,0x00000000d7200000,0x00000000d7380000)
 ParOldGen       total 68608K, used 15890K [0x0000000080000000, 0x0000000084300000, 0x00000000d5580000)
  object space 68608K, 23% used [0x0000000080000000,0x0000000080f84b48,0x0000000084300000)
 Metaspace       used 32517K, committed 33600K, reserved 1114112K
  class space    used 3295K, committed 3776K, reserved 1048576K
}
Event: 5.684 GC heap after
{Heap after GC invocations=13 (full 1):
 PSYoungGen      total 23552K, used 1536K [0x00000000d5580000, 0x00000000d7380000, 0x0000000100000000)
  eden space 22016K, 0% used [0x00000000d5580000,0x00000000d5580000,0x00000000d6b00000)
  from space 1536K, 100% used [0x00000000d7200000,0x00000000d7380000,0x00000000d7380000)
  to   space 3584K, 0% used [0x00000000d6c80000,0x00000000d6c80000,0x00000000d7000000)
 ParOldGen       total 68608K, used 17694K [0x0000000080000000, 0x0000000084300000, 0x00000000d5580000)
  object space 68608K, 25% used [0x0000000080000000,0x0000000081147988,0x0000000084300000)
 Metaspace       used 32517K, committed 33600K, reserved 1114112K
  class space    used 3295K, committed 3776K, reserved 1048576K
}
Event: 5.901 GC heap before
{Heap before GC invocations=14 (full 1):
 PSYoungGen      total 23552K, used 19298K [0x00000000d5580000, 0x00000000d7380000, 0x0000000100000000)
  eden space 22016K, 80% used [0x00000000d5580000,0x00000000d66d8a08,0x00000000d6b00000)
  from space 1536K, 100% used [0x00000000d7200000,0x00000000d7380000,0x00000000d7380000)
  to   space 3584K, 0% used [0x00000000d6c80000,0x00000000d6c80000,0x00000000d7000000)
 ParOldGen       total 68608K, used 17694K [0x0000000080000000, 0x0000000084300000, 0x00000000d5580000)
  object space 68608K, 25% used [0x0000000080000000,0x0000000081147988,0x0000000084300000)
 Metaspace       used 34807K, committed 35840K, reserved 1114112K
  class space    used 3607K, committed 4096K, reserved 1048576K
}
Event: 5.903 GC heap after
{Heap after GC invocations=14 (full 1):
 PSYoungGen      total 25600K, used 992K [0x00000000d5580000, 0x00000000d7280000, 0x0000000100000000)
  eden space 22016K, 0% used [0x00000000d5580000,0x00000000d5580000,0x00000000d6b00000)
  from space 3584K, 27% used [0x00000000d6c80000,0x00000000d6d78000,0x00000000d7000000)
  to   space 2048K, 0% used [0x00000000d7080000,0x00000000d7080000,0x00000000d7280000)
 ParOldGen       total 68608K, used 19148K [0x0000000080000000, 0x0000000084300000, 0x00000000d5580000)
  object space 68608K, 27% used [0x0000000080000000,0x00000000812b3210,0x0000000084300000)
 Metaspace       used 34807K, committed 35840K, reserved 1114112K
  class space    used 3607K, committed 4096K, reserved 1048576K
}
Event: 5.903 GC heap before
{Heap before GC invocations=15 (full 2):
 PSYoungGen      total 25600K, used 992K [0x00000000d5580000, 0x00000000d7280000, 0x0000000100000000)
  eden space 22016K, 0% used [0x00000000d5580000,0x00000000d5580000,0x00000000d6b00000)
  from space 3584K, 27% used [0x00000000d6c80000,0x00000000d6d78000,0x00000000d7000000)
  to   space 2048K, 0% used [0x00000000d7080000,0x00000000d7080000,0x00000000d7280000)
 ParOldGen       total 68608K, used 19148K [0x0000000080000000, 0x0000000084300000, 0x00000000d5580000)
  object space 68608K, 27% used [0x0000000080000000,0x00000000812b3210,0x0000000084300000)
 Metaspace       used 34807K, committed 35840K, reserved 1114112K
  class space    used 3607K, committed 4096K, reserved 1048576K
}
Event: 5.928 GC heap after
{Heap after GC invocations=15 (full 2):
 PSYoungGen      total 25600K, used 0K [0x00000000d5580000, 0x00000000d7280000, 0x0000000100000000)
  eden space 22016K, 0% used [0x00000000d5580000,0x00000000d5580000,0x00000000d6b00000)
  from space 3584K, 0% used [0x00000000d6c80000,0x00000000d6c80000,0x00000000d7000000)
  to   space 2048K, 0% used [0x00000000d7080000,0x00000000d7080000,0x00000000d7280000)
 ParOldGen       total 68608K, used 18351K [0x0000000080000000, 0x0000000084300000, 0x00000000d5580000)
  object space 68608K, 26% used [0x0000000080000000,0x00000000811ebf90,0x0000000084300000)
 Metaspace       used 34807K, committed 35840K, reserved 1114112K
  class space    used 3607K, committed 4096K, reserved 1048576K
}
Event: 6.241 GC heap before
{Heap before GC invocations=16 (full 2):
 PSYoungGen      total 25600K, used 22016K [0x00000000d5580000, 0x00000000d7280000, 0x0000000100000000)
  eden space 22016K, 100% used [0x00000000d5580000,0x00000000d6b00000,0x00000000d6b00000)
  from space 3584K, 0% used [0x00000000d6c80000,0x00000000d6c80000,0x00000000d7000000)
  to   space 2048K, 0% used [0x00000000d7080000,0x00000000d7080000,0x00000000d7280000)
 ParOldGen       total 68608K, used 18351K [0x0000000080000000, 0x0000000084300000, 0x00000000d5580000)
  object space 68608K, 26% used [0x0000000080000000,0x00000000811ebf90,0x0000000084300000)
 Metaspace       used 36257K, committed 37312K, reserved 1114112K
  class space    used 3806K, committed 4288K, reserved 1048576K
}
Event: 6.242 GC heap after
{Heap after GC invocations=16 (full 2):
 PSYoungGen      total 23040K, used 1024K [0x00000000d5580000, 0x00000000d7180000, 0x0000000100000000)
  eden space 22016K, 0% used [0x00000000d5580000,0x00000000d5580000,0x00000000d6b00000)
  from space 1024K, 100% used [0x00000000d7080000,0x00000000d7180000,0x00000000d7180000)
  to   space 1536K, 0% used [0x00000000d6e80000,0x00000000d6e80000,0x00000000d7000000)
 ParOldGen       total 68608K, used 18359K [0x0000000080000000, 0x0000000084300000, 0x00000000d5580000)
  object space 68608K, 26% used [0x0000000080000000,0x00000000811edf90,0x0000000084300000)
 Metaspace       used 36257K, committed 37312K, reserved 1114112K
  class space    used 3806K, committed 4288K, reserved 1048576K
}
Event: 6.445 GC heap before
{Heap before GC invocations=17 (full 2):
 PSYoungGen      total 23040K, used 23040K [0x00000000d5580000, 0x00000000d7180000, 0x0000000100000000)
  eden space 22016K, 100% used [0x00000000d5580000,0x00000000d6b00000,0x00000000d6b00000)
  from space 1024K, 100% used [0x00000000d7080000,0x00000000d7180000,0x00000000d7180000)
  to   space 1536K, 0% used [0x00000000d6e80000,0x00000000d6e80000,0x00000000d7000000)
 ParOldGen       total 68608K, used 18359K [0x0000000080000000, 0x0000000084300000, 0x00000000d5580000)
  object space 68608K, 26% used [0x0000000080000000,0x00000000811edf90,0x0000000084300000)
 Metaspace       used 38218K, committed 39360K, reserved 1114112K
  class space    used 4069K, committed 4608K, reserved 1048576K
}
Event: 6.446 GC heap after
{Heap after GC invocations=17 (full 2):
 PSYoungGen      total 23552K, used 736K [0x00000000d5580000, 0x00000000d7100000, 0x0000000100000000)
  eden space 22016K, 0% used [0x00000000d5580000,0x00000000d5580000,0x00000000d6b00000)
  from space 1536K, 47% used [0x00000000d6e80000,0x00000000d6f38000,0x00000000d7000000)
  to   space 1024K, 0% used [0x00000000d7000000,0x00000000d7000000,0x00000000d7100000)
 ParOldGen       total 68608K, used 19143K [0x0000000080000000, 0x0000000084300000, 0x00000000d5580000)
  object space 68608K, 27% used [0x0000000080000000,0x00000000812b1f90,0x0000000084300000)
 Metaspace       used 38218K, committed 39360K, reserved 1114112K
  class space    used 4069K, committed 4608K, reserved 1048576K
}
Event: 6.702 GC heap before
{Heap before GC invocations=18 (full 2):
 PSYoungGen      total 23552K, used 22752K [0x00000000d5580000, 0x00000000d7100000, 0x0000000100000000)
  eden space 22016K, 100% used [0x00000000d5580000,0x00000000d6b00000,0x00000000d6b00000)
  from space 1536K, 47% used [0x00000000d6e80000,0x00000000d6f38000,0x00000000d7000000)
  to   space 1024K, 0% used [0x00000000d7000000,0x00000000d7000000,0x00000000d7100000)
 ParOldGen       total 68608K, used 19143K [0x0000000080000000, 0x0000000084300000, 0x00000000d5580000)
  object space 68608K, 27% used [0x0000000080000000,0x00000000812b1f90,0x0000000084300000)
 Metaspace       used 40728K, committed 41856K, reserved 1114112K
  class space    used 4388K, committed 4928K, reserved 1048576K
}
Event: 6.703 GC heap after
{Heap after GC invocations=18 (full 2):
 PSYoungGen      total 23040K, used 1024K [0x00000000d5580000, 0x00000000d7100000, 0x0000000100000000)
  eden space 22016K, 0% used [0x00000000d5580000,0x00000000d5580000,0x00000000d6b00000)
  from space 1024K, 100% used [0x00000000d7000000,0x00000000d7100000,0x00000000d7100000)
  to   space 2048K, 0% used [0x00000000d6d00000,0x00000000d6d00000,0x00000000d6f00000)
 ParOldGen       total 68608K, used 19931K [0x0000000080000000, 0x0000000084300000, 0x00000000d5580000)
  object space 68608K, 29% used [0x0000000080000000,0x0000000081376fa0,0x0000000084300000)
 Metaspace       used 40728K, committed 41856K, reserved 1114112K
  class space    used 4388K, committed 4928K, reserved 1048576K
}
Event: 6.966 GC heap before
{Heap before GC invocations=19 (full 2):
 PSYoungGen      total 23040K, used 23040K [0x00000000d5580000, 0x00000000d7100000, 0x0000000100000000)
  eden space 22016K, 100% used [0x00000000d5580000,0x00000000d6b00000,0x00000000d6b00000)
  from space 1024K, 100% used [0x00000000d7000000,0x00000000d7100000,0x00000000d7100000)
  to   space 2048K, 0% used [0x00000000d6d00000,0x00000000d6d00000,0x00000000d6f00000)
 ParOldGen       total 68608K, used 19931K [0x0000000080000000, 0x0000000084300000, 0x00000000d5580000)
  object space 68608K, 29% used [0x0000000080000000,0x0000000081376fa0,0x0000000084300000)
 Metaspace       used 43379K, committed 44480K, reserved 1114112K
  class space    used 4721K, committed 5248K, reserved 1048576K
}
Event: 6.968 GC heap after
{Heap after GC invocations=19 (full 2):
 PSYoungGen      total 23552K, used 1401K [0x00000000d5580000, 0x00000000d7080000, 0x0000000100000000)
  eden space 22016K, 0% used [0x00000000d5580000,0x00000000d5580000,0x00000000d6b00000)
  from space 1536K, 91% used [0x00000000d6d00000,0x00000000d6e5e5e0,0x00000000d6e80000)
  to   space 2048K, 0% used [0x00000000d6e80000,0x00000000d6e80000,0x00000000d7080000)
 ParOldGen       total 68608K, used 20923K [0x0000000080000000, 0x0000000084300000, 0x00000000d5580000)
  object space 68608K, 30% used [0x0000000080000000,0x000000008146ecc0,0x0000000084300000)
 Metaspace       used 43379K, committed 44480K, reserved 1114112K
  class space    used 4721K, committed 5248K, reserved 1048576K
}

