# JRE version: Java(TM) SE Runtime Environment (24.0.2+12) (build 24.0.2+12-54)
# Java VM: Java HotSpot(TM) 64-Bit Server VM (24.0.2+12-54, mixed mode, sharing, tiered, compressed oops, compressed class ptrs, g1 gc, windows-amd64)
GC Precious Log:
 CardTable entry size: 512
 Card Set container configuration: InlinePtr #cards 5 size 8 Array Of Cards #cards 10 size 36 Howl #buckets 4 coarsen threshold 1843 Howl Bitmap #cards 512 size 80 coarsen threshold 460 Card regions per heap region 1 cards per card region 2048
 CPUs: 16 total, 16 available
 Memory: 32635M
 Large Page Support: Disabled
 NUMA Support: Disabled
 Compressed Oops: Enabled (32-bit)
 Heap Region Size: 1M
 Heap Min Capacity: 256M
 Heap Initial Capacity: 256M
 Heap Max Capacity: 512M
 Pre-touch: Disabled
 Parallel Workers: 13
 Concurrent Workers: 3
 Concurrent Refinement Workers: 13
 Periodic GC: Disabled
Heap:
 garbage-first heap   total reserved 524288K, committed 262144K, used 97916K [0x00000000e0000000, 0x0000000100000000)
  region size 1024K, 73 young (74752K), 20 survivors (20480K)
 Metaspace       used 56211K, committed 57984K, reserved 393216K
  class space    used 6632K, committed 7488K, reserved 327680K
GC Heap History (14 events):
Event: 0.827 GC heap before
{Heap before GC invocations=0 (full 0):
 garbage-first heap   total reserved 524288K, committed 264192K, used 52340K [0x00000000e0000000, 0x0000000100000000)
  region size 1024K, 47 young (48128K), 0 survivors (0K)
 Metaspace       used 4514K, committed 4736K, reserved 393216K
  class space    used 387K, committed 512K, reserved 327680K
}
Event: 0.830 GC heap after
{Heap after GC invocations=1 (full 0):
 garbage-first heap   total reserved 524288K, committed 264192K, used 11449K [0x00000000e0000000, 0x0000000100000000)
  region size 1024K, 6 young (6144K), 6 survivors (6144K)
 Metaspace       used 4514K, committed 4736K, reserved 393216K
  class space    used 387K, committed 512K, reserved 327680K
}
Event: 2.151 GC heap before
{Heap before GC invocations=1 (full 0):
 garbage-first heap   total reserved 524288K, committed 264192K, used 122041K [0x00000000e0000000, 0x0000000100000000)
  region size 1024K, 112 young (114688K), 6 survivors (6144K)
 Metaspace       used 14991K, committed 15488K, reserved 393216K
  class space    used 1557K, committed 1792K, reserved 327680K
}
Event: 2.157 GC heap after
{Heap after GC invocations=2 (full 0):
 garbage-first heap   total reserved 524288K, committed 264192K, used 21404K [0x00000000e0000000, 0x0000000100000000)
  region size 1024K, 14 young (14336K), 14 survivors (14336K)
 Metaspace       used 14991K, committed 15488K, reserved 393216K
  class space    used 1557K, committed 1792K, reserved 327680K
}
Event: 2.750 GC heap before
{Heap before GC invocations=2 (full 0):
 garbage-first heap   total reserved 524288K, committed 264192K, used 66460K [0x00000000e0000000, 0x0000000100000000)
  region size 1024K, 60 young (61440K), 14 survivors (14336K)
 Metaspace       used 20883K, committed 21504K, reserved 393216K
  class space    used 2267K, committed 2560K, reserved 327680K
}
Event: 2.755 GC heap after
{Heap after GC invocations=3 (full 0):
 garbage-first heap   total reserved 524288K, committed 264192K, used 24940K [0x00000000e0000000, 0x0000000100000000)
  region size 1024K, 12 young (12288K), 12 survivors (12288K)
 Metaspace       used 20883K, committed 21504K, reserved 393216K
  class space    used 2267K, committed 2560K, reserved 327680K
}
Event: 3.985 GC heap before
{Heap before GC invocations=4 (full 0):
 garbage-first heap   total reserved 524288K, committed 262144K, used 164204K [0x00000000e0000000, 0x0000000100000000)
  region size 1024K, 149 young (152576K), 12 survivors (12288K)
 Metaspace       used 32793K, committed 33792K, reserved 393216K
  class space    used 3782K, committed 4224K, reserved 327680K
}
Event: 3.993 GC heap after
{Heap after GC invocations=5 (full 0):
 garbage-first heap   total reserved 524288K, committed 262144K, used 32848K [0x00000000e0000000, 0x0000000100000000)
  region size 1024K, 11 young (11264K), 11 survivors (11264K)
 Metaspace       used 32793K, committed 33792K, reserved 393216K
  class space    used 3782K, committed 4224K, reserved 327680K
}
Event: 4.349 GC heap before
{Heap before GC invocations=5 (full 0):
 garbage-first heap   total reserved 524288K, committed 262144K, used 62544K [0x00000000e0000000, 0x0000000100000000)
  region size 1024K, 41 young (41984K), 11 survivors (11264K)
 Metaspace       used 35088K, committed 36096K, reserved 393216K
  class space    used 4060K, committed 4544K, reserved 327680K
}
Event: 4.352 GC heap after
{Heap after GC invocations=6 (full 0):
 garbage-first heap   total reserved 524288K, committed 262144K, used 34174K [0x00000000e0000000, 0x0000000100000000)
  region size 1024K, 9 young (9216K), 9 survivors (9216K)
 Metaspace       used 35088K, committed 36096K, reserved 393216K
  class space    used 4060K, committed 4544K, reserved 327680K
}
Event: 4.404 GC heap before
{Heap before GC invocations=6 (full 0):
 garbage-first heap   total reserved 524288K, committed 262144K, used 38270K [0x00000000e0000000, 0x0000000100000000)
  region size 1024K, 14 young (14336K), 9 survivors (9216K)
 Metaspace       used 35445K, committed 36416K, reserved 393216K
  class space    used 4089K, committed 4544K, reserved 327680K
}
Event: 4.408 GC heap after
{Heap after GC invocations=7 (full 0):
 garbage-first heap   total reserved 524288K, committed 262144K, used 34174K [0x00000000e0000000, 0x0000000100000000)
  region size 1024K, 9 young (9216K), 9 survivors (9216K)
 Metaspace       used 35445K, committed 36416K, reserved 393216K
  class space    used 4089K, committed 4544K, reserved 327680K
}
Event: 6.049 GC heap before
{Heap before GC invocations=8 (full 0):
 garbage-first heap   total reserved 524288K, committed 262144K, used 187774K [0x00000000e0000000, 0x0000000100000000)
  region size 1024K, 153 young (156672K), 9 survivors (9216K)
 Metaspace       used 52334K, committed 53952K, reserved 393216K
  class space    used 6011K, committed 6784K, reserved 327680K
}
Event: 6.057 GC heap after
{Heap after GC invocations=9 (full 0):
 garbage-first heap   total reserved 524288K, committed 262144K, used 44668K [0x00000000e0000000, 0x0000000100000000)
  region size 1024K, 20 young (20480K), 20 survivors (20480K)
 Metaspace       used 52334K, committed 53952K, reserved 393216K
  class space    used 6011K, committed 6784K, reserved 327680K
}

