# JRE version: OpenJDK Runtime Environment Temurin-21.0.9+10 (21.0.9+10) (build 21.0.9+10-LTS)
# Java VM: OpenJDK 64-Bit Server VM Temurin-21.0.9+10 (21.0.9+10-LTS, mixed mode, sharing, tiered, compressed oops, compressed class ptrs, parallel gc, windows-amd64)
GC Precious Log:
 CardTable entry size: 512
 CPUs: 16 total, 16 available
 Memory: 32635M
 Large Page Support: Disabled
 NUMA Support: Disabled
 Compressed Oops: Enabled (32-bit)
 Alignments: Space 512K, Generation 512K, Heap 2M
 Heap Min Capacity: 100M
 Heap Initial Capacity: 100M
 Heap Max Capacity: 2G
 Pre-touch: Disabled
 Parallel Workers: 13
Heap:
 PSYoungGen      total 24576K, used 11660K [0x00000000d5580000, 0x00000000d7100000, 0x0000000100000000)
  eden space 22016K, 44% used [0x00000000d5580000,0x00000000d5f033b0,0x00000000d6b00000)
  from space 2560K, 75% used [0x00000000d6c80000,0x00000000d6e60000,0x00000000d6f00000)
  to   space 2048K, 0% used [0x00000000d6f00000,0x00000000d6f00000,0x00000000d7100000)
 ParOldGen       total 68608K, used 20859K [0x0000000080000000, 0x0000000084300000, 0x00000000d5580000)
  object space 68608K, 30% used [0x0000000080000000,0x000000008145edf0,0x0000000084300000)
 Metaspace       used 44730K, committed 45888K, reserved 1114112K
  class space    used 4861K, committed 5376K, reserved 1048576K
GC Heap History (20 events):
Event: 2.324 GC heap before
{Heap before GC invocations=10 (full 1):
 PSYoungGen      total 28160K, used 24064K [0x00000000d5580000, 0x00000000d7880000, 0x0000000100000000)
  eden space 24064K, 100% used [0x00000000d5580000,0x00000000d6d00000,0x00000000d6d00000)
  from space 4096K, 0% used [0x00000000d7480000,0x00000000d7480000,0x00000000d7880000)
  to   space 5120K, 0% used [0x00000000d6e80000,0x00000000d6e80000,0x00000000d7380000)
 ParOldGen       total 68608K, used 13148K [0x0000000080000000, 0x0000000084300000, 0x00000000d5580000)
  object space 68608K, 19% used [0x0000000080000000,0x0000000080cd7038,0x0000000084300000)
 Metaspace       used 24468K, committed 25280K, reserved 1114112K
  class space    used 2413K, committed 2752K, reserved 1048576K
}
Event: 2.325 GC heap after
{Heap after GC invocations=10 (full 1):
 PSYoungGen      total 24064K, used 406K [0x00000000d5580000, 0x00000000d7500000, 0x0000000100000000)
  eden space 23552K, 0% used [0x00000000d5580000,0x00000000d5580000,0x00000000d6c80000)
  from space 512K, 79% used [0x00000000d6e80000,0x00000000d6ee58b8,0x00000000d6f00000)
  to   space 2048K, 0% used [0x00000000d7300000,0x00000000d7300000,0x00000000d7500000)
 ParOldGen       total 68608K, used 13156K [0x0000000080000000, 0x0000000084300000, 0x00000000d5580000)
  object space 68608K, 19% used [0x0000000080000000,0x0000000080cd9038,0x0000000084300000)
 Metaspace       used 24468K, committed 25280K, reserved 1114112K
  class space    used 2413K, committed 2752K, reserved 1048576K
}
Event: 2.448 GC heap before
{Heap before GC invocations=11 (full 1):
 PSYoungGen      total 24064K, used 23958K [0x00000000d5580000, 0x00000000d7500000, 0x0000000100000000)
  eden space 23552K, 100% used [0x00000000d5580000,0x00000000d6c80000,0x00000000d6c80000)
  from space 512K, 79% used [0x00000000d6e80000,0x00000000d6ee58b8,0x00000000d6f00000)
  to   space 2048K, 0% used [0x00000000d7300000,0x00000000d7300000,0x00000000d7500000)
 ParOldGen       total 68608K, used 13156K [0x0000000080000000, 0x0000000084300000, 0x00000000d5580000)
  object space 68608K, 19% used [0x0000000080000000,0x0000000080cd9038,0x0000000084300000)
 Metaspace       used 25852K, committed 26752K, reserved 1114112K
  class space    used 2511K, committed 2880K, reserved 1048576K
}
Event: 2.449 GC heap after
{Heap after GC invocations=11 (full 1):
 PSYoungGen      total 25088K, used 1954K [0x00000000d5580000, 0x00000000d7500000, 0x0000000100000000)
  eden space 23040K, 0% used [0x00000000d5580000,0x00000000d5580000,0x00000000d6c00000)
  from space 2048K, 95% used [0x00000000d7300000,0x00000000d74e88a8,0x00000000d7500000)
  to   space 2560K, 0% used [0x00000000d7000000,0x00000000d7000000,0x00000000d7280000)
 ParOldGen       total 68608K, used 13945K [0x0000000080000000, 0x0000000084300000, 0x00000000d5580000)
  object space 68608K, 20% used [0x0000000080000000,0x0000000080d9e548,0x0000000084300000)
 Metaspace       used 25852K, committed 26752K, reserved 1114112K
  class space    used 2511K, committed 2880K, reserved 1048576K
}
Event: 2.709 GC heap before
{Heap before GC invocations=12 (full 1):
 PSYoungGen      total 25088K, used 24994K [0x00000000d5580000, 0x00000000d7500000, 0x0000000100000000)
  eden space 23040K, 100% used [0x00000000d5580000,0x00000000d6c00000,0x00000000d6c00000)
  from space 2048K, 95% used [0x00000000d7300000,0x00000000d74e88a8,0x00000000d7500000)
  to   space 2560K, 0% used [0x00000000d7000000,0x00000000d7000000,0x00000000d7280000)
 ParOldGen       total 68608K, used 13945K [0x0000000080000000, 0x0000000084300000, 0x00000000d5580000)
  object space 68608K, 20% used [0x0000000080000000,0x0000000080d9e548,0x0000000084300000)
 Metaspace       used 29842K, committed 30784K, reserved 1114112K
  class space    used 2931K, committed 3264K, reserved 1048576K
}
Event: 2.710 GC heap after
{Heap after GC invocations=12 (full 1):
 PSYoungGen      total 25088K, used 2345K [0x00000000d5580000, 0x00000000d7380000, 0x0000000100000000)
  eden space 22528K, 0% used [0x00000000d5580000,0x00000000d5580000,0x00000000d6b80000)
  from space 2560K, 91% used [0x00000000d7000000,0x00000000d724a5f8,0x00000000d7280000)
  to   space 1024K, 0% used [0x00000000d7280000,0x00000000d7280000,0x00000000d7380000)
 ParOldGen       total 68608K, used 15767K [0x0000000080000000, 0x0000000084300000, 0x00000000d5580000)
  object space 68608K, 22% used [0x0000000080000000,0x0000000080f65fa8,0x0000000084300000)
 Metaspace       used 29842K, committed 30784K, reserved 1114112K
  class space    used 2931K, committed 3264K, reserved 1048576K
}
Event: 2.804 GC heap before
{Heap before GC invocations=13 (full 1):
 PSYoungGen      total 25088K, used 24873K [0x00000000d5580000, 0x00000000d7380000, 0x0000000100000000)
  eden space 22528K, 100% used [0x00000000d5580000,0x00000000d6b80000,0x00000000d6b80000)
  from space 2560K, 91% used [0x00000000d7000000,0x00000000d724a5f8,0x00000000d7280000)
  to   space 1024K, 0% used [0x00000000d7280000,0x00000000d7280000,0x00000000d7380000)
 ParOldGen       total 68608K, used 15767K [0x0000000080000000, 0x0000000084300000, 0x00000000d5580000)
  object space 68608K, 22% used [0x0000000080000000,0x0000000080f65fa8,0x0000000084300000)
 Metaspace       used 32514K, committed 33536K, reserved 1114112K
  class space    used 3234K, committed 3648K, reserved 1048576K
}
Event: 2.806 GC heap after
{Heap after GC invocations=13 (full 1):
 PSYoungGen      total 23040K, used 1024K [0x00000000d5580000, 0x00000000d7400000, 0x0000000100000000)
  eden space 22016K, 0% used [0x00000000d5580000,0x00000000d5580000,0x00000000d6b00000)
  from space 1024K, 100% used [0x00000000d7280000,0x00000000d7380000,0x00000000d7380000)
  to   space 4608K, 0% used [0x00000000d6b00000,0x00000000d6b00000,0x00000000d6f80000)
 ParOldGen       total 68608K, used 18602K [0x0000000080000000, 0x0000000084300000, 0x00000000d5580000)
  object space 68608K, 27% used [0x0000000080000000,0x000000008122aa18,0x0000000084300000)
 Metaspace       used 32514K, committed 33536K, reserved 1114112K
  class space    used 3234K, committed 3648K, reserved 1048576K
}
Event: 2.903 GC heap before
{Heap before GC invocations=14 (full 1):
 PSYoungGen      total 23040K, used 15151K [0x00000000d5580000, 0x00000000d7400000, 0x0000000100000000)
  eden space 22016K, 64% used [0x00000000d5580000,0x00000000d634beb8,0x00000000d6b00000)
  from space 1024K, 100% used [0x00000000d7280000,0x00000000d7380000,0x00000000d7380000)
  to   space 4608K, 0% used [0x00000000d6b00000,0x00000000d6b00000,0x00000000d6f80000)
 ParOldGen       total 68608K, used 18602K [0x0000000080000000, 0x0000000084300000, 0x00000000d5580000)
  object space 68608K, 27% used [0x0000000080000000,0x000000008122aa18,0x0000000084300000)
 Metaspace       used 34854K, committed 35840K, reserved 1114112K
  class space    used 3543K, committed 3968K, reserved 1048576K
}
Event: 2.905 GC heap after
{Heap after GC invocations=14 (full 1):
 PSYoungGen      total 26624K, used 672K [0x00000000d5580000, 0x00000000d7300000, 0x0000000100000000)
  eden space 22016K, 0% used [0x00000000d5580000,0x00000000d5580000,0x00000000d6b00000)
  from space 4608K, 14% used [0x00000000d6b00000,0x00000000d6ba8000,0x00000000d6f80000)
  to   space 2048K, 0% used [0x00000000d7100000,0x00000000d7100000,0x00000000d7300000)
 ParOldGen       total 68608K, used 19610K [0x0000000080000000, 0x0000000084300000, 0x00000000d5580000)
  object space 68608K, 28% used [0x0000000080000000,0x0000000081326a28,0x0000000084300000)
 Metaspace       used 34854K, committed 35840K, reserved 1114112K
  class space    used 3543K, committed 3968K, reserved 1048576K
}
Event: 2.905 GC heap before
{Heap before GC invocations=15 (full 2):
 PSYoungGen      total 26624K, used 672K [0x00000000d5580000, 0x00000000d7300000, 0x0000000100000000)
  eden space 22016K, 0% used [0x00000000d5580000,0x00000000d5580000,0x00000000d6b00000)
  from space 4608K, 14% used [0x00000000d6b00000,0x00000000d6ba8000,0x00000000d6f80000)
  to   space 2048K, 0% used [0x00000000d7100000,0x00000000d7100000,0x00000000d7300000)
 ParOldGen       total 68608K, used 19610K [0x0000000080000000, 0x0000000084300000, 0x00000000d5580000)
  object space 68608K, 28% used [0x0000000080000000,0x0000000081326a28,0x0000000084300000)
 Metaspace       used 34854K, committed 35840K, reserved 1114112K
  class space    used 3543K, committed 3968K, reserved 1048576K
}
Event: 2.924 GC heap after
{Heap after GC invocations=15 (full 2):
 PSYoungGen      total 26624K, used 0K [0x00000000d5580000, 0x00000000d7300000, 0x0000000100000000)
  eden space 22016K, 0% used [0x00000000d5580000,0x00000000d5580000,0x00000000d6b00000)
  from space 4608K, 0% used [0x00000000d6b00000,0x00000000d6b00000,0x00000000d6f80000)
  to   space 2048K, 0% used [0x00000000d7100000,0x00000000d7100000,0x00000000d7300000)
 ParOldGen       total 68608K, used 18597K [0x0000000080000000, 0x0000000084300000, 0x00000000d5580000)
  object space 68608K, 27% used [0x0000000080000000,0x00000000812296a0,0x0000000084300000)
 Metaspace       used 34854K, committed 35840K, reserved 1114112K
  class space    used 3543K, committed 3968K, reserved 1048576K
}
Event: 3.091 GC heap before
{Heap before GC invocations=16 (full 2):
 PSYoungGen      total 26624K, used 22016K [0x00000000d5580000, 0x00000000d7300000, 0x0000000100000000)
  eden space 22016K, 100% used [0x00000000d5580000,0x00000000d6b00000,0x00000000d6b00000)
  from space 4608K, 0% used [0x00000000d6b00000,0x00000000d6b00000,0x00000000d6f80000)
  to   space 2048K, 0% used [0x00000000d7100000,0x00000000d7100000,0x00000000d7300000)
 ParOldGen       total 68608K, used 18597K [0x0000000080000000, 0x0000000084300000, 0x00000000d5580000)
  object space 68608K, 27% used [0x0000000080000000,0x00000000812296a0,0x0000000084300000)
 Metaspace       used 37962K, committed 38912K, reserved 1114112K
  class space    used 3981K, committed 4352K, reserved 1048576K
}
Event: 3.092 GC heap after
{Heap after GC invocations=16 (full 2):
 PSYoungGen      total 23040K, used 974K [0x00000000d5580000, 0x00000000d7200000, 0x0000000100000000)
  eden space 22016K, 0% used [0x00000000d5580000,0x00000000d5580000,0x00000000d6b00000)
  from space 1024K, 95% used [0x00000000d7100000,0x00000000d71f3a40,0x00000000d7200000)
  to   space 1536K, 0% used [0x00000000d6f00000,0x00000000d6f00000,0x00000000d7080000)
 ParOldGen       total 68608K, used 18605K [0x0000000080000000, 0x0000000084300000, 0x00000000d5580000)
  object space 68608K, 27% used [0x0000000080000000,0x000000008122b6a0,0x0000000084300000)
 Metaspace       used 37962K, committed 38912K, reserved 1114112K
  class space    used 3981K, committed 4352K, reserved 1048576K
}
Event: 3.310 GC heap before
{Heap before GC invocations=17 (full 2):
 PSYoungGen      total 23040K, used 22990K [0x00000000d5580000, 0x00000000d7200000, 0x0000000100000000)
  eden space 22016K, 100% used [0x00000000d5580000,0x00000000d6b00000,0x00000000d6b00000)
  from space 1024K, 95% used [0x00000000d7100000,0x00000000d71f3a40,0x00000000d7200000)
  to   space 1536K, 0% used [0x00000000d6f00000,0x00000000d6f00000,0x00000000d7080000)
 ParOldGen       total 68608K, used 18605K [0x0000000080000000, 0x0000000084300000, 0x00000000d5580000)
  object space 68608K, 27% used [0x0000000080000000,0x000000008122b6a0,0x0000000084300000)
 Metaspace       used 40167K, committed 41216K, reserved 1114112K
  class space    used 4272K, committed 4736K, reserved 1048576K
}
Event: 3.312 GC heap after
{Heap after GC invocations=17 (full 2):
 PSYoungGen      total 23552K, used 1133K [0x00000000d5580000, 0x00000000d7180000, 0x0000000100000000)
  eden space 22016K, 0% used [0x00000000d5580000,0x00000000d5580000,0x00000000d6b00000)
  from space 1536K, 73% used [0x00000000d6f00000,0x00000000d701b610,0x00000000d7080000)
  to   space 1024K, 0% used [0x00000000d7080000,0x00000000d7080000,0x00000000d7180000)
 ParOldGen       total 68608K, used 19344K [0x0000000080000000, 0x0000000084300000, 0x00000000d5580000)
  object space 68608K, 28% used [0x0000000080000000,0x00000000812e41f8,0x0000000084300000)
 Metaspace       used 40167K, committed 41216K, reserved 1114112K
  class space    used 4272K, committed 4736K, reserved 1048576K
}
Event: 3.565 GC heap before
{Heap before GC invocations=18 (full 2):
 PSYoungGen      total 23552K, used 22875K [0x00000000d5580000, 0x00000000d7180000, 0x0000000100000000)
  eden space 22016K, 98% used [0x00000000d5580000,0x00000000d6abb778,0x00000000d6b00000)
  from space 1536K, 73% used [0x00000000d6f00000,0x00000000d701b610,0x00000000d7080000)
  to   space 1024K, 0% used [0x00000000d7080000,0x00000000d7080000,0x00000000d7180000)
 ParOldGen       total 68608K, used 19344K [0x0000000080000000, 0x0000000084300000, 0x00000000d5580000)
  object space 68608K, 28% used [0x0000000080000000,0x00000000812e41f8,0x0000000084300000)
 Metaspace       used 41702K, committed 42816K, reserved 1114112K
  class space    used 4470K, committed 4928K, reserved 1048576K
}
Event: 3.566 GC heap after
{Heap after GC invocations=18 (full 2):
 PSYoungGen      total 23040K, used 1018K [0x00000000d5580000, 0x00000000d7180000, 0x0000000100000000)
  eden space 22016K, 0% used [0x00000000d5580000,0x00000000d5580000,0x00000000d6b00000)
  from space 1024K, 99% used [0x00000000d7080000,0x00000000d717e9b8,0x00000000d7180000)
  to   space 2560K, 0% used [0x00000000d6c80000,0x00000000d6c80000,0x00000000d6f00000)
 ParOldGen       total 68608K, used 20315K [0x0000000080000000, 0x0000000084300000, 0x00000000d5580000)
  object space 68608K, 29% used [0x0000000080000000,0x00000000813d6d68,0x0000000084300000)
 Metaspace       used 41702K, committed 42816K, reserved 1114112K
  class space    used 4470K, committed 4928K, reserved 1048576K
}
Event: 3.886 GC heap before
{Heap before GC invocations=19 (full 2):
 PSYoungGen      total 23040K, used 23034K [0x00000000d5580000, 0x00000000d7180000, 0x0000000100000000)
  eden space 22016K, 100% used [0x00000000d5580000,0x00000000d6b00000,0x00000000d6b00000)
  from space 1024K, 99% used [0x00000000d7080000,0x00000000d717e9b8,0x00000000d7180000)
  to   space 2560K, 0% used [0x00000000d6c80000,0x00000000d6c80000,0x00000000d6f00000)
 ParOldGen       total 68608K, used 20315K [0x0000000080000000, 0x0000000084300000, 0x00000000d5580000)
  object space 68608K, 29% used [0x0000000080000000,0x00000000813d6d68,0x0000000084300000)
 Metaspace       used 43753K, committed 44864K, reserved 1114112K
  class space    used 4722K, committed 5248K, reserved 1048576K
}
Event: 3.886 GC heap after
{Heap after GC invocations=19 (full 2):
 PSYoungGen      total 24576K, used 1920K [0x00000000d5580000, 0x00000000d7100000, 0x0000000100000000)
  eden space 22016K, 0% used [0x00000000d5580000,0x00000000d5580000,0x00000000d6b00000)
  from space 2560K, 75% used [0x00000000d6c80000,0x00000000d6e60000,0x00000000d6f00000)
  to   space 2048K, 0% used [0x00000000d6f00000,0x00000000d6f00000,0x00000000d7100000)
 ParOldGen       total 68608K, used 20859K [0x0000000080000000, 0x0000000084300000, 0x00000000d5580000)
  object space 68608K, 30% used [0x0000000080000000,0x000000008145edf0,0x0000000084300000)
 Metaspace       used 43753K, committed 44864K, reserved 1114112K
  class space    used 4722K, committed 5248K, reserved 1048576K
}

